<?xml version="1.0" encoding="UTF-8"?>
<!-- Generated by org.testng.reporters.JUnitReportReporter -->
<testsuite skipped="0" hostname="LAPTOP-J0166KO5" name="com.inetbanking.testCases.TC_LoginTest_001" tests="1" failures="0" timestamp="2021-03-30T13:06:11 IST" time="5.810" errors="0">
  <testcase name="loginTest" time="5.810" classname="com.inetbanking.testCases.TC_LoginTest_001"/>
  <system-out/>
</testsuite> <!-- com.inetbanking.testCases.TC_LoginTest_001 -->
