<?xml version="1.0" encoding="UTF-8"?>
<!-- Generated by org.testng.reporters.JUnitReportReporter -->
<testsuite skipped="0" hostname="LAPTOP-J0166KO5" name="com.inetbanking.testCases.TC_LoginDDT_002" tests="3" failures="0" timestamp="2021-03-30T12:51:50 IST" time="70.643" errors="0">
  <testcase name="loginDDT" time="39.639" classname="com.inetbanking.testCases.TC_LoginDDT_002"/>
  <system-out/>
  <testcase name="loginDDT" time="15.971" classname="com.inetbanking.testCases.TC_LoginDDT_002"/>
  <system-out/>
  <testcase name="loginDDT" time="15.033" classname="com.inetbanking.testCases.TC_LoginDDT_002"/>
  <system-out/>
</testsuite> <!-- com.inetbanking.testCases.TC_LoginDDT_002 -->
